2024-07-20 16:08:01.177 [info] Experiment 'pythonCreateEnvOnPipInstall' is active
2024-07-20 16:08:01.177 [info] Experiment 'pythonRecommendTensorboardExt' is active
2024-07-20 16:08:01.177 [info] Experiment 'pythonTerminalEnvVarActivation' is active
2024-07-20 16:08:01.177 [info] Experiment 'pythonTestAdapter' is active
2024-07-20 16:08:01.514 [info] Starting Environment refresh
2024-07-20 16:08:01.514 [info] Searching for interpreters in posix paths locator
2024-07-20 16:08:01.553 [info] Searching for pyenv environments
2024-07-20 16:08:01.553 [info] Searching for conda environments
2024-07-20 16:08:01.555 [info] Searching for global virtual environments
2024-07-20 16:08:01.555 [info] Searching for custom virtual environments
2024-07-20 16:08:01.589 [info] pyenv is not installed
2024-07-20 16:08:01.589 [info] Finished searching for pyenv environments: 69 milliseconds
2024-07-20 16:08:01.593 [info] Finished searching for custom virtual envs: 68 milliseconds
2024-07-20 16:08:01.630 [info] > conda info --json
2024-07-20 16:08:01.724 [info] Finished searching for global virtual envs: 201 milliseconds
2024-07-20 16:08:01.805 [info] Found: /bin/python3 --> /bin/python3.11
2024-07-20 16:08:01.812 [info] Found: /bin/python3.11 --> /bin/python3.11
2024-07-20 16:08:01.813 [info] Found: /bin/python3.9 --> /bin/python3.9
2024-07-20 16:08:02.600 [info] Found: /usr/bin/python3 --> /usr/bin/python3.11
2024-07-20 16:08:02.603 [info] Found: /usr/bin/python3.11 --> /usr/bin/python3.11
2024-07-20 16:08:02.608 [info] Found: /usr/bin/python3.9 --> /usr/bin/python3.9
2024-07-20 16:08:02.814 [info] > /bin/python3 -I ~/.vscode/extensions/ms-python.python-2024.10.0-linux-x64/python_files/get_output_via_markers.py ~/.vscode/extensions/ms-python.python-2024.10.0-linux-x64/python_files/interpreterInfo.py
2024-07-20 16:08:02.976 [info] > /bin/python3.9 -I ~/.vscode/extensions/ms-python.python-2024.10.0-linux-x64/python_files/get_output_via_markers.py ~/.vscode/extensions/ms-python.python-2024.10.0-linux-x64/python_files/interpreterInfo.py
2024-07-20 16:08:03.003 [info] Finished searching for interpreters in posix paths locator: 1493 milliseconds
2024-07-20 16:08:03.027 [info] Environments refresh paths discovered (event): 1519 milliseconds
2024-07-20 16:08:03.027 [info] Environments refresh paths discovered: 1519 milliseconds
2024-07-20 16:08:03.190 [info] > /usr/bin/python3 -I ~/.vscode/extensions/ms-python.python-2024.10.0-linux-x64/python_files/get_output_via_markers.py ~/.vscode/extensions/ms-python.python-2024.10.0-linux-x64/python_files/interpreterInfo.py
2024-07-20 16:08:03.357 [info] > /usr/bin/python3.9 -I ~/.vscode/extensions/ms-python.python-2024.10.0-linux-x64/python_files/get_output_via_markers.py ~/.vscode/extensions/ms-python.python-2024.10.0-linux-x64/python_files/interpreterInfo.py
2024-07-20 16:08:03.783 [info] Environments refresh finished (event): 2275 milliseconds
2024-07-20 16:08:03.902 [info] Environment refresh took 2384 milliseconds
2024-07-20 16:08:03.925 [info] > pixi --version
2024-07-20 16:08:03.932 [error] [Error: spawn pixi ENOENT
	at ChildProcess._handle.onexit (node:internal/child_process:286:19)
	at onErrorNT (node:internal/child_process:484:16)
	at process.processTicksAndRejections (node:internal/process/task_queues:82:21)] {
  errno: -2,
  code: 'ENOENT',
  syscall: 'spawn pixi',
  path: 'pixi',
  spawnargs: [ '--version' ]
}
2024-07-20 16:08:03.934 [warning] could not find a pixi interpreter for the interpreter at /bin/python3
2024-07-20 16:08:04.005 [info] Python interpreter path: /bin/python3
2024-07-20 16:08:05.426 [warning] Shell integration may not be active, environment activated may be overridden by the shell.
2024-07-20 16:08:05.431 [warning] could not find a pixi interpreter for the interpreter at /bin/python3
2024-07-20 16:08:05.445 [info] Shell integration status changed, can confirm it's working.
2024-07-20 16:08:05.446 [warning] could not find a pixi interpreter for the interpreter at /bin/python3
2024-07-20 16:08:07.537 [info] Starting Pylance language server.
