2024-07-20 16:08:01.310 [info] Starting Python Locator /home/gerberti/.vscode/extensions/ms-python.python-2024.10.0-linux-x64/python-env-tools/bin/pet server
2024-07-20 16:08:01.310 [info] Started Refreshing Environments
2024-07-20 16:08:02.588 [info] Discovered env: /usr/bin/python3.9
2024-07-20 16:08:02.596 [info] Discovered env: /bin/python3.9
2024-07-20 16:08:02.621 [info] Discovered env: /bin/python3
2024-07-20 16:08:02.640 [info] Discovered env: /usr/bin/python3
2024-07-20 16:08:03.081 [info] Locator Conda took 120.462022ms
2024-07-20 16:08:03.087 [info] Locator Homebrew took 110.067µs
2024-07-20 16:08:03.087 [info] Locator LinuxGlobalPython took 1.131045206s
2024-07-20 16:08:03.087 [info] Locator PipEnv took 1.092µs
2024-07-20 16:08:03.087 [info] Locator Poetry took 80.449µs
2024-07-20 16:08:03.087 [info] Locator PyEnv took 181.715µs
2024-07-20 16:08:03.088 [info] Locator Venv took 872ns
2024-07-20 16:08:03.088 [info] Locator VirtualEnv took 404ns
2024-07-20 16:08:03.088 [info] Locator VirtualEnvWrapper took 510ns
2024-07-20 16:08:03.088 [info] Environments found using locators in 1.153370156s
2024-07-20 16:08:03.088 [info] Environments in PATH found in 1.774732989s
2024-07-20 16:08:03.088 [info] Environments in global virtual env paths found in 70.667µs
2024-07-20 16:08:03.089 [info] Environments in custom search paths found in 0ns
2024-07-20 16:08:03.098 [info] Refresh completed in 1782ms
