2024-07-20 16:05:27.832 [info] Started initializing default profile extensions in extensions installation folder. file:///home/gerberti/.vscode/extensions
2024-07-20 16:05:28.907 [info] Completed initializing default profile extensions in extensions installation folder. file:///home/gerberti/.vscode/extensions
2024-07-20 16:06:20.551 [info] Getting Manifest... ms-python.python
2024-07-20 16:06:20.592 [info] Installing extension: ms-python.python {"isMachineScoped":false,"installPreReleaseVersion":false,"pinned":false,"profileLocation":{"$mid":1,"external":"vscode-userdata:/home/gerberti/.vscode/extensions/extensions.json","path":"/home/gerberti/.vscode/extensions/extensions.json","scheme":"vscode-userdata"},"installOnlyNewlyAddedFromExtensionPack":true,"isApplicationScoped":false,"productVersion":{"version":"1.91.1","date":"2024-07-09T22:08:12.169Z"}}
2024-07-20 16:06:21.771 [info] Getting Manifest... ms-python.vscode-pylance
2024-07-20 16:06:21.920 [info] Getting Manifest... ms-python.debugpy
2024-07-20 16:06:22.243 [info] Installing extension: ms-python.vscode-pylance {"isMachineScoped":false,"installPreReleaseVersion":false,"pinned":false,"profileLocation":{"$mid":1,"external":"vscode-userdata:/home/gerberti/.vscode/extensions/extensions.json","path":"/home/gerberti/.vscode/extensions/extensions.json","scheme":"vscode-userdata"},"installOnlyNewlyAddedFromExtensionPack":true,"isApplicationScoped":false,"productVersion":{"version":"1.91.1","date":"2024-07-09T22:08:12.169Z"},"context":{"dependecyOrPackExtensionInstall":true}}
2024-07-20 16:06:22.245 [info] Installing extension: ms-python.debugpy {"isMachineScoped":false,"installPreReleaseVersion":false,"pinned":false,"profileLocation":{"$mid":1,"external":"vscode-userdata:/home/gerberti/.vscode/extensions/extensions.json","path":"/home/gerberti/.vscode/extensions/extensions.json","scheme":"vscode-userdata"},"installOnlyNewlyAddedFromExtensionPack":true,"isApplicationScoped":false,"productVersion":{"version":"1.91.1","date":"2024-07-09T22:08:12.169Z"},"context":{"dependecyOrPackExtensionInstall":true}}
2024-07-20 16:06:57.099 [info] Extension signature verification result for ms-python.python: Success. Executed: true. Duration: 4790ms.
2024-07-20 16:06:57.135 [info] Extension signature verification result for ms-python.debugpy: Success. Executed: true. Duration: 5850ms.
2024-07-20 16:06:58.728 [info] Extension signature verification result for ms-python.vscode-pylance: Success. Executed: true. Duration: 3817ms.
2024-07-20 16:07:00.067 [info] Extracted extension to file:///home/gerberti/.vscode/extensions/ms-python.debugpy-2024.8.0-linux-x64: ms-python.debugpy
2024-07-20 16:07:00.121 [info] Renamed to /home/gerberti/.vscode/extensions/ms-python.debugpy-2024.8.0-linux-x64
2024-07-20 16:07:00.233 [error] [uncaught exception in sharedProcess]: Error: ENOENT: no such file or directory, stat '/home/gerberti/.vscode/extensions/extensions.json.vsctmp': EntryNotFound (FileSystemError): Error: ENOENT: no such file or directory, stat '/home/gerberti/.vscode/extensions/extensions.json.vsctmp'
    at h.create (/usr/share/code/resources/app/out/vs/code/node/sharedProcess/sharedProcessMain.js:54:19262)
    at f (/usr/share/code/resources/app/out/vs/code/node/sharedProcess/sharedProcessMain.js:54:19372)
    at P.hb (/usr/share/code/resources/app/out/vs/code/node/sharedProcess/sharedProcessMain.js:59:36571)
    at P.stat (/usr/share/code/resources/app/out/vs/code/node/sharedProcess/sharedProcessMain.js:59:28919)
    at async s.stat (/usr/share/code/resources/app/out/vs/code/node/sharedProcess/sharedProcessMain.js:59:14907)
    at async V.vb (/usr/share/code/resources/app/out/vs/code/node/sharedProcess/sharedProcessMain.js:105:119283)
2024-07-20 16:07:04.528 [info] Extracted extension to file:///home/gerberti/.vscode/extensions/ms-python.python-2024.10.0-linux-x64: ms-python.python
2024-07-20 16:07:04.589 [info] Renamed to /home/gerberti/.vscode/extensions/ms-python.python-2024.10.0-linux-x64
2024-07-20 16:07:04.707 [error] [uncaught exception in sharedProcess]: Error: ENOENT: no such file or directory, stat '/home/gerberti/.vscode/extensions/extensions.json.vsctmp': EntryNotFound (FileSystemError): Error: ENOENT: no such file or directory, stat '/home/gerberti/.vscode/extensions/extensions.json.vsctmp'
    at h.create (/usr/share/code/resources/app/out/vs/code/node/sharedProcess/sharedProcessMain.js:54:19262)
    at f (/usr/share/code/resources/app/out/vs/code/node/sharedProcess/sharedProcessMain.js:54:19372)
    at P.hb (/usr/share/code/resources/app/out/vs/code/node/sharedProcess/sharedProcessMain.js:59:36571)
    at P.stat (/usr/share/code/resources/app/out/vs/code/node/sharedProcess/sharedProcessMain.js:59:28919)
    at async s.stat (/usr/share/code/resources/app/out/vs/code/node/sharedProcess/sharedProcessMain.js:59:14907)
    at async V.vb (/usr/share/code/resources/app/out/vs/code/node/sharedProcess/sharedProcessMain.js:105:119283)
2024-07-20 16:07:15.735 [info] Extracted extension to file:///home/gerberti/.vscode/extensions/ms-python.vscode-pylance-2024.7.1: ms-python.vscode-pylance
2024-07-20 16:07:15.828 [info] Renamed to /home/gerberti/.vscode/extensions/ms-python.vscode-pylance-2024.7.1
2024-07-20 16:07:15.888 [info] Extension installed successfully: ms-python.debugpy vscode-userdata:/home/gerberti/.vscode/extensions/extensions.json
2024-07-20 16:07:15.890 [info] Extension installed successfully: ms-python.python vscode-userdata:/home/gerberti/.vscode/extensions/extensions.json
2024-07-20 16:07:15.890 [info] Extension installed successfully: ms-python.vscode-pylance vscode-userdata:/home/gerberti/.vscode/extensions/extensions.json
2024-07-20 16:07:15.934 [error] [uncaught exception in sharedProcess]: Error: ENOENT: no such file or directory, stat '/home/gerberti/.vscode/extensions/extensions.json.vsctmp': EntryNotFound (FileSystemError): Error: ENOENT: no such file or directory, stat '/home/gerberti/.vscode/extensions/extensions.json.vsctmp'
    at h.create (/usr/share/code/resources/app/out/vs/code/node/sharedProcess/sharedProcessMain.js:54:19262)
    at f (/usr/share/code/resources/app/out/vs/code/node/sharedProcess/sharedProcessMain.js:54:19372)
    at P.hb (/usr/share/code/resources/app/out/vs/code/node/sharedProcess/sharedProcessMain.js:59:36571)
    at P.stat (/usr/share/code/resources/app/out/vs/code/node/sharedProcess/sharedProcessMain.js:59:28919)
    at async s.stat (/usr/share/code/resources/app/out/vs/code/node/sharedProcess/sharedProcessMain.js:59:14907)
    at async V.vb (/usr/share/code/resources/app/out/vs/code/node/sharedProcess/sharedProcessMain.js:105:119283)
