2024-07-20 16:05:24.888 [info] Added views:workbench.panel.markers.view in workbench.panel.markers
2024-07-20 16:05:24.888 [info] Added views:workbench.panel.output in workbench.panel.output
2024-07-20 16:05:24.888 [info] Added views:terminal in terminal
2024-07-20 16:05:24.888 [info] Added views:outline in workbench.view.explorer
2024-07-20 16:05:24.888 [info] Added views:workbench.scm in workbench.view.scm
2024-07-20 16:05:24.888 [info] Added views:workbench.view.search in workbench.view.search
2024-07-20 16:05:24.888 [info] Added views:timeline in workbench.view.explorer
2024-07-20 16:05:24.888 [info] Added views:workbench.explorer.emptyView in workbench.view.explorer
2024-07-20 16:05:26.180 [info] Added views:workbench.debug.variablesView,workbench.debug.watchExpressionsView,workbench.debug.callStackView,workbench.debug.breakPointsView in workbench.view.debug
2024-07-20 16:05:29.927 [info] Added views:~remote.forwardedPorts in ~remote.forwardedPortsContainer
2024-07-20 16:05:30.853 [info] Added views:workbench.panel.repl.view in workbench.panel.repl
2024-07-20 16:05:30.866 [info] Removed views:workbench.debug.breakPointsView,workbench.debug.callStackView,workbench.debug.watchExpressionsView,workbench.debug.variablesView from workbench.view.debug
2024-07-20 16:05:30.870 [info] Added views:workbench.debug.welcome in workbench.view.debug
2024-07-20 16:06:04.291 [info] Added views:workbench.views.extensions.installed,workbench.views.extensions.popular,extensions.recommendedList in workbench.view.extensions
2024-07-20 16:06:04.297 [info] Removed views:workbench.views.extensions.popular from workbench.view.extensions
2024-07-20 16:06:05.082 [info] Removed views:extensions.recommendedList,workbench.views.extensions.installed from workbench.view.extensions
2024-07-20 16:06:05.143 [info] Added views:workbench.views.extensions.marketplace in workbench.view.extensions
2024-07-20 16:07:59.872 [info] Added views:workbench.debug.breakPointsView in workbench.view.debug
2024-07-20 16:08:01.473 [info] Added views:workbench.view.testing in workbench.view.extension.test
2024-07-20 16:09:44.942 [info] Removed views:workbench.view.testing from workbench.view.extension.test
