2024-08-10 23:26:37.953 [info] Getting Manifest... ms-python.debugpy
2024-08-10 23:26:37.982 [info] Getting Manifest... ms-python.python
2024-08-10 23:26:37.998 [info] Getting Manifest... ms-python.vscode-pylance
2024-08-10 23:26:39.283 [info] Installing extension: ms-python.python {"productVersion":{"version":"1.92.1","date":"2024-08-07T20:16:39.455Z"},"pinned":false,"isApplicationScoped":false,"profileLocation":{"$mid":1,"external":"vscode-userdata:/home/gerberti/.vscode/extensions/extensions.json","path":"/home/gerberti/.vscode/extensions/extensions.json","scheme":"vscode-userdata"},"installOnlyNewlyAddedFromExtensionPack":true}
2024-08-10 23:26:39.320 [info] Installing extension: ms-python.vscode-pylance {"productVersion":{"version":"1.92.1","date":"2024-08-07T20:16:39.455Z"},"pinned":false,"isApplicationScoped":false,"profileLocation":{"$mid":1,"external":"vscode-userdata:/home/gerberti/.vscode/extensions/extensions.json","path":"/home/gerberti/.vscode/extensions/extensions.json","scheme":"vscode-userdata"},"installOnlyNewlyAddedFromExtensionPack":true}
2024-08-10 23:26:39.374 [info] Installing extension: ms-python.debugpy {"productVersion":{"version":"1.92.1","date":"2024-08-07T20:16:39.455Z"},"pinned":false,"isApplicationScoped":false,"profileLocation":{"$mid":1,"external":"vscode-userdata:/home/gerberti/.vscode/extensions/extensions.json","path":"/home/gerberti/.vscode/extensions/extensions.json","scheme":"vscode-userdata"},"installOnlyNewlyAddedFromExtensionPack":true}
2024-08-10 23:26:41.649 [info] Getting Manifest... ms-python.python
2024-08-10 23:26:41.908 [info] Waiting for already requested installing extension ms-python.python ms-python.vscode-pylance vscode-userdata:/home/gerberti/.vscode/extensions/extensions.json
2024-08-10 23:26:42.349 [info] Getting Manifest... ms-python.python
2024-08-10 23:26:42.487 [info] Waiting for already requested installing extension ms-python.python ms-python.debugpy vscode-userdata:/home/gerberti/.vscode/extensions/extensions.json
2024-08-10 23:26:58.884 [info] Extension signature verification result for ms-python.debugpy: Success. Executed: true. Duration: 8230ms.
2024-08-10 23:26:58.890 [info] Extension signature verification result for ms-python.python: Success. Executed: true. Duration: 11735ms.
2024-08-10 23:27:00.293 [info] Extension signature verification result for ms-python.vscode-pylance: Success. Executed: true. Duration: 2448ms.
2024-08-10 23:27:01.721 [info] Extracted extension to file:///home/gerberti/.vscode/extensions/ms-python.debugpy-2024.10.0-linux-x64: ms-python.debugpy
2024-08-10 23:27:01.819 [info] Renamed to /home/gerberti/.vscode/extensions/ms-python.debugpy-2024.10.0-linux-x64
2024-08-10 23:27:01.875 [info] Marked extension as uninstalled ms-python.debugpy-2024.8.0-linux-x64
2024-08-10 23:27:01.928 [error] [uncaught exception in sharedProcess]: Error: ENOENT: no such file or directory, stat '/home/gerberti/.vscode/extensions/extensions.json.vsctmp': EntryNotFound (FileSystemError): Error: ENOENT: no such file or directory, stat '/home/gerberti/.vscode/extensions/extensions.json.vsctmp'
    at o.create (/usr/share/code/resources/app/out/vs/code/node/sharedProcess/sharedProcessMain.js:54:19408)
    at u (/usr/share/code/resources/app/out/vs/code/node/sharedProcess/sharedProcessMain.js:54:19519)
    at p.hb (/usr/share/code/resources/app/out/vs/code/node/sharedProcess/sharedProcessMain.js:59:36714)
    at p.stat (/usr/share/code/resources/app/out/vs/code/node/sharedProcess/sharedProcessMain.js:59:29034)
    at async c.stat (/usr/share/code/resources/app/out/vs/code/node/sharedProcess/sharedProcessMain.js:59:14940)
    at async z.ub (/usr/share/code/resources/app/out/vs/code/node/sharedProcess/sharedProcessMain.js:105:120384)
2024-08-10 23:27:06.435 [info] Extracted extension to file:///home/gerberti/.vscode/extensions/ms-python.python-2024.12.2-linux-x64: ms-python.python
2024-08-10 23:27:06.483 [info] Renamed to /home/gerberti/.vscode/extensions/ms-python.python-2024.12.2-linux-x64
2024-08-10 23:27:06.550 [info] Marked extension as uninstalled ms-python.python-2024.10.0-linux-x64
2024-08-10 23:27:06.562 [info] Extension installed successfully: ms-python.python vscode-userdata:/home/gerberti/.vscode/extensions/extensions.json
2024-08-10 23:27:06.563 [info] Finished waiting for already requested installing extension ms-python.python ms-python.vscode-pylance vscode-userdata:/home/gerberti/.vscode/extensions/extensions.json
2024-08-10 23:27:06.564 [info] Finished waiting for already requested installing extension ms-python.python ms-python.debugpy vscode-userdata:/home/gerberti/.vscode/extensions/extensions.json
2024-08-10 23:27:06.564 [info] Extension installed successfully: ms-python.debugpy vscode-userdata:/home/gerberti/.vscode/extensions/extensions.json
2024-08-10 23:27:06.605 [error] [uncaught exception in sharedProcess]: Error: ENOENT: no such file or directory, stat '/home/gerberti/.vscode/extensions/extensions.json.vsctmp': EntryNotFound (FileSystemError): Error: ENOENT: no such file or directory, stat '/home/gerberti/.vscode/extensions/extensions.json.vsctmp'
    at o.create (/usr/share/code/resources/app/out/vs/code/node/sharedProcess/sharedProcessMain.js:54:19408)
    at u (/usr/share/code/resources/app/out/vs/code/node/sharedProcess/sharedProcessMain.js:54:19519)
    at p.hb (/usr/share/code/resources/app/out/vs/code/node/sharedProcess/sharedProcessMain.js:59:36714)
    at p.stat (/usr/share/code/resources/app/out/vs/code/node/sharedProcess/sharedProcessMain.js:59:29034)
    at async c.stat (/usr/share/code/resources/app/out/vs/code/node/sharedProcess/sharedProcessMain.js:59:14940)
    at async z.ub (/usr/share/code/resources/app/out/vs/code/node/sharedProcess/sharedProcessMain.js:105:120384)
2024-08-10 23:27:17.290 [info] Extracted extension to file:///home/gerberti/.vscode/extensions/ms-python.vscode-pylance-2024.8.1: ms-python.vscode-pylance
2024-08-10 23:27:17.350 [info] Renamed to /home/gerberti/.vscode/extensions/ms-python.vscode-pylance-2024.8.1
2024-08-10 23:27:17.402 [info] Marked extension as uninstalled ms-python.vscode-pylance-2024.7.1
2024-08-10 23:27:17.420 [info] Extension installed successfully: ms-python.vscode-pylance vscode-userdata:/home/gerberti/.vscode/extensions/extensions.json
2024-08-10 23:27:17.457 [error] [uncaught exception in sharedProcess]: Error: ENOENT: no such file or directory, stat '/home/gerberti/.vscode/extensions/extensions.json.vsctmp': EntryNotFound (FileSystemError): Error: ENOENT: no such file or directory, stat '/home/gerberti/.vscode/extensions/extensions.json.vsctmp'
    at o.create (/usr/share/code/resources/app/out/vs/code/node/sharedProcess/sharedProcessMain.js:54:19408)
    at u (/usr/share/code/resources/app/out/vs/code/node/sharedProcess/sharedProcessMain.js:54:19519)
    at p.hb (/usr/share/code/resources/app/out/vs/code/node/sharedProcess/sharedProcessMain.js:59:36714)
    at p.stat (/usr/share/code/resources/app/out/vs/code/node/sharedProcess/sharedProcessMain.js:59:29034)
    at async c.stat (/usr/share/code/resources/app/out/vs/code/node/sharedProcess/sharedProcessMain.js:59:14940)
    at async z.ub (/usr/share/code/resources/app/out/vs/code/node/sharedProcess/sharedProcessMain.js:105:120384)
